{
  "stats": {
    "suites": 1,
    "tests": 4,
    "passes": 4,
    "pending": 0,
    "failures": 0,
    "start": "2025-09-29T13:07:11.163Z",
    "end": "2025-09-29T13:08:42.466Z",
    "duration": 91303,
    "testsRegistered": 4,
    "passPercent": 100,
    "pendingPercent": 0,
    "other": 0,
    "hasOther": false,
    "skipped": 0,
    "hasSkipped": false
  },
  "results": [
    {
      "uuid": "365a02bb-cab5-4785-b933-71e954d4b658",
      "title": "",
      "fullFile": "cypress\\e2e\\login\\login.cy.js",
      "file": "cypress\\e2e\\login\\login.cy.js",
      "beforeHooks": [],
      "afterHooks": [],
      "tests": [],
      "suites": [
        {
          "uuid": "61eed7b7-134f-47ac-b47d-21641e52a635",
          "title": "Login-related tests",
          "fullFile": "",
          "file": "",
          "beforeHooks": [],
          "afterHooks": [],
          "tests": [
            {
              "title": "should login with valid credentials successfully",
              "fullTitle": "Login-related tests should login with valid credentials successfully",
              "timedOut": null,
              "duration": 21557,
              "state": "passed",
              "speed": "slow",
              "pass": true,
              "fail": false,
              "pending": false,
              "context": null,
              "code": "_loginPage.default.visit().performValidLogin().waitForPageLoad();\n// Additional wait after successful login\ncy.wait(2000);",
              "err": {},
              "uuid": "17b34c7b-4357-4ba6-9764-89c329125d32",
              "parentUUID": "61eed7b7-134f-47ac-b47d-21641e52a635",
              "isHook": false,
              "skipped": false
            },
            {
              "title": "should fail login with wrong email",
              "fullTitle": "Login-related tests should fail login with wrong email",
              "timedOut": null,
              "duration": 22049,
              "state": "passed",
              "speed": "slow",
              "pass": true,
              "fail": false,
              "pending": false,
              "context": null,
              "code": "_loginPage.default.visit().performWrongEmailLogin().waitForPageLoad();\n// Wait for error message to appear\ncy.wait(1500);",
              "err": {},
              "uuid": "8c389dee-1aa3-464d-8cfb-1177e078cede",
              "parentUUID": "61eed7b7-134f-47ac-b47d-21641e52a635",
              "isHook": false,
              "skipped": false
            },
            {
              "title": "should fail login with wrong password",
              "fullTitle": "Login-related tests should fail login with wrong password",
              "timedOut": null,
              "duration": 21273,
              "state": "passed",
              "speed": "slow",
              "pass": true,
              "fail": false,
              "pending": false,
              "context": null,
              "code": "_loginPage.default.visit().performWrongPasswordLogin().waitForPageLoad();\n// Wait for error message to appear\ncy.wait(1500);",
              "err": {},
              "uuid": "bb10156a-d6a1-4402-90d5-b5c28fc1ace0",
              "parentUUID": "61eed7b7-134f-47ac-b47d-21641e52a635",
              "isHook": false,
              "skipped": false
            },
            {
              "title": "should fail login with wrong credentials",
              "fullTitle": "Login-related tests should fail login with wrong credentials",
              "timedOut": null,
              "duration": 21546,
              "state": "passed",
              "speed": "slow",
              "pass": true,
              "fail": false,
              "pending": false,
              "context": null,
              "code": "_loginPage.default.visit().performWrongCredentialsLogin().waitForPageLoad();\n// Wait for error message to appear\ncy.wait(1500);",
              "err": {},
              "uuid": "9944d9d7-2eb9-4a25-829b-61de8505b1b2",
              "parentUUID": "61eed7b7-134f-47ac-b47d-21641e52a635",
              "isHook": false,
              "skipped": false
            }
          ],
          "suites": [],
          "passes": [
            "17b34c7b-4357-4ba6-9764-89c329125d32",
            "8c389dee-1aa3-464d-8cfb-1177e078cede",
            "bb10156a-d6a1-4402-90d5-b5c28fc1ace0",
            "9944d9d7-2eb9-4a25-829b-61de8505b1b2"
          ],
          "failures": [],
          "pending": [],
          "skipped": [],
          "duration": 86425,
          "root": false,
          "rootEmpty": false,
          "_timeout": 2000
        }
      ],
      "passes": [],
      "failures": [],
      "pending": [],
      "skipped": [],
      "duration": 0,
      "root": true,
      "rootEmpty": true,
      "_timeout": 2000
    }
  ],
  "meta": {
    "mocha": {
      "version": "7.0.1"
    },
    "mochawesome": {
      "options": {
        "quiet": false,
        "reportFilename": "mochawesome",
        "saveHtml": true,
        "saveJson": true,
        "consoleReporter": "spec",
        "useInlineDiffs": false,
        "code": true
      },
      "version": "7.1.4"
    },
    "marge": {
      "options": {
        "reportDir": "cypress/reports",
        "overwrite": false,
        "html": true,
        "json": true,
        "timestamp": "mmddyyyy_HHMMss"
      },
      "version": "6.3.0"
    }
  }
}