{
  "stats": {
    "suites": 1,
    "tests": 1,
    "passes": 1,
    "pending": 0,
    "failures": 0,
    "start": "2025-10-03T14:02:12.488Z",
    "end": "2025-10-03T14:03:22.175Z",
    "duration": 69687,
    "testsRegistered": 1,
    "passPercent": 100,
    "pendingPercent": 0,
    "other": 0,
    "hasOther": false,
    "skipped": 0,
    "hasSkipped": false
  },
  "results": [
    {
      "uuid": "fcb644ff-c863-4204-977c-519096b99907",
      "title": "",
      "fullFile": "cypress\\e2e\\1.chat\\Send-message-to-old-agent.cy.js",
      "file": "cypress\\e2e\\1.chat\\Send-message-to-old-agent.cy.js",
      "beforeHooks": [],
      "afterHooks": [],
      "tests": [],
      "suites": [
        {
          "uuid": "b55ad784-c53e-4c5e-8854-bd8d7d5e3de1",
          "title": "Acessar agente antigo e enviar um chat",
          "fullFile": "",
          "file": "",
          "beforeHooks": [],
          "afterHooks": [],
          "tests": [
            {
              "title": "deve acessar chat antigo de um agente e enviar um chat",
              "fullTitle": "Acessar agente antigo e enviar um chat deve acessar chat antigo de um agente e enviar um chat",
              "timedOut": null,
              "duration": 69585,
              "state": "passed",
              "speed": "slow",
              "pass": true,
              "fail": false,
              "pending": false,
              "context": null,
              "code": "// Estratégia 1: Tentar encontrar botão Agentes na navegação\ncy.get('body').then($body => {\n  // Procurar por botão ou link com texto \"Agentes\"\n  const agentesButton = $body.find('button:contains(\"Agentes\"), a:contains(\"Agentes\"), [role=\"button\"]:contains(\"Agentes\")');\n  if (agentesButton.length > 0) {\n    cy.log('✅ Encontrado botão Agentes');\n    cy.wrap(agentesButton.first()).should('be.visible').click();\n    cy.wait(2000);\n  } else {\n    cy.log('⚠️ Botão Agentes não encontrado, tentando navegação direta...');\n    // Estratégia 2: Navegação direta para página de agentes\n    cy.url().then(currentUrl => {\n      const baseUrl = currentUrl.split('/').slice(0, 3).join('/');\n      // Tentar diferentes possíveis URLs para agentes\n      const possibleUrls = [`${baseUrl}/agents`, `${baseUrl}/agentes`, `${baseUrl}/dashboard/agents`, `${baseUrl}/dashboard/agentes`];\n      let navigated = false;\n      for (let i = 0; i < possibleUrls.length && !navigated; i++) {\n        cy.log(`Tentando navegar para: ${possibleUrls[i]}`);\n        cy.visit(possibleUrls[i], {\n          failOnStatusCode: false\n        });\n        cy.wait(3000);\n        cy.url().then(newUrl => {\n          if (newUrl.includes('agents') || newUrl.includes('agentes')) {\n            cy.log(`✅ Navegação bem-sucedida para: ${newUrl}`);\n            navigated = true;\n          }\n        });\n      }\n    });\n  }\n});\n// Verificar se estamos na página correta\ncy.url().then(url => {\n  if (!url.includes('agents') && !url.includes('agentes') && !url.includes('assistants')) {\n    cy.log('⚠️ Navegando para página de agentes...');\n    // Tentar navegar diretamente para a página de agentes\n    const baseUrl = url.split('/').slice(0, 3).join('/');\n    const agentsUrl = `${baseUrl}/agents`;\n    cy.visit(agentsUrl, {\n      failOnStatusCode: false\n    });\n    cy.wait(5000);\n  }\n});\n// Clicar em \"Meus Agentes\"\ncy.log('🔍 Procurando \"Meus Agentes\"...');\ncy.get('body').then($body => {\n  // Procurar por \"Meus Agentes\" com seletores simples\n  const meusAgentesSelectors = ['button:contains(\"Meus Agentes\")', 'a:contains(\"Meus Agentes\")', 'div:contains(\"Meus Agentes\")', '*:contains(\"Meus Agentes\")', 'button:contains(\"Meus\")', 'a:contains(\"Meus\")', 'div:contains(\"Meus\")'];\n  let found = false;\n  // Tentar cada seletor CSS apenas\n  for (let selector of meusAgentesSelectors) {\n    if ($body.find(selector).length > 0) {\n      cy.log(`✅ Encontrado \"Meus Agentes\"`);\n      cy.get(selector).first().should('be.visible').click();\n      cy.wait(2000);\n      found = true;\n      break;\n    }\n  }\n  if (!found) {\n    cy.log('✅ Continuando para criar novo agente');\n  }\n});\ncy.wait(5000);\n// Digita o nome no campo de busca - com fallback\ncy.log('🔍 Procurando campo de busca...');\ncy.get('body').then($body => {\n  const selectorsBusca = ['input[type=\"search\"]', 'input[placeholder*=\"Buscar\"]', 'input[placeholder*=\"buscar\"]', 'input[placeholder*=\"nome\"]', 'input[placeholder*=\"search\"]', '[data-testid*=\"search\"]', '[class*=\"search\"] input'];\n  let campoBuscaEncontrado = false;\n  for (const selector of selectorsBusca) {\n    if ($body.find(selector).length > 0) {\n      cy.log(`✅ Campo de busca encontrado: ${selector}`);\n      cy.get(selector).first().should('be.visible').clear().type('Cypress', {\n        delay: 100\n      });\n      campoBuscaEncontrado = true;\n      break;\n    }\n  }\n  if (!campoBuscaEncontrado) {\n    cy.log('⚠️ Campo de busca não encontrado, tentando input genérico...');\n    if ($body.find('input[type=\"text\"]').length > 0) {\n      cy.get('input[type=\"text\"]').first().should('be.visible').clear().type('Cypress', {\n        delay: 350\n      });\n    } else {\n      cy.log('⚠️ Nenhum campo de busca disponível, continuando sem busca...');\n    }\n  }\n});\n// Aguarda a tabela carregar \ncy.wait(5000);\n// ===== CLICAR NO BOTÃO TESTAR =====\ncy.log('🔍 Procurando botão \"Testar\"...');\ncy.wait(5000); // Aguardar página carregar\n// Estratégia mais robusta para encontrar o botão Testar\ncy.get('body').then($body => {\n  // Estratégia 1: Buscar por texto \"Testar\" com múltiplos seletores\n  const testarSelectors = ['button:contains(\"Testar\")', 'a:contains(\"Testar\")', '[role=\"button\"]:contains(\"Testar\")', 'div:contains(\"Testar\")', '*:contains(\"Testar\")'];\n  let testarEncontrado = false;\n  for (const selector of testarSelectors) {\n    if ($body.find(selector).length > 0) {\n      cy.log(`✅ Botão Testar encontrado: ${selector}`);\n      cy.get(selector).first().scrollIntoView().wait(1000).click({\n        force: true\n      });\n      testarEncontrado = true;\n      break;\n    }\n  }\n  // Buscar por ícone sparkles\n  if (!testarEncontrado && $body.find('button svg[class*=\"sparkles\"]').length > 0) {\n    cy.log('✅ Botão Testar encontrado por ícone sparkles');\n    cy.get('button svg[class*=\"sparkles\"]').parent().first().scrollIntoView().wait(1000).click({\n      force: true\n    });\n    testarEncontrado = true;\n  }\n  // Buscar qualquer botão na linha da tabela\n  if (!testarEncontrado && $body.find('table tbody tr button').length > 0) {\n    cy.log('✅ Botões encontrados na tabela, clicando no primeiro');\n    cy.get('table tbody tr button').first().scrollIntoView().wait(1000).click({\n      force: true\n    });\n    testarEncontrado = true;\n  }\n  // Buscar por qualquer elemento clicável\n  if (!testarEncontrado) {\n    cy.log('⚠️ Botão Testar não encontrado, tentando primeiro botão disponível');\n    cy.get('button').first().scrollIntoView().wait(1000).click({\n      force: true\n    });\n  }\n});\n// Aguardar o dialog abrir completamente\ncy.log('⏳ Aguardando dialog abrir...');\ncy.wait(3000);\n// Verificar se o dialog está aberto e aguardar estabilização\ncy.get('body').then($body => {\n  if ($body.find('div[role=\"dialog\"][data-state=\"open\"]').length > 0) {\n    cy.log('✅ Dialog aberto, aguardando estabilização...');\n    cy.wait(2000);\n  } else {\n    cy.log('⚠️ Dialog não encontrado, aguardando mais tempo...');\n    cy.wait(3000);\n  }\n});\n// DIGITAR MENSAGEM =====\ncy.log('🔍 Procurando campo de mensagem no dialog...');\n// Aguardar campo de input estar disponível\ncy.log('⏳ Aguardando campo de input estar disponível...');\ncy.wait(2000);\n// Estratégia robusta com múltiplos fallbacks\ncy.get('body').then($body => {\n  // Estratégia 1: XPath específico do dialog\n  if ($body.find('div[role=\"dialog\"][data-state=\"open\"]').length > 0) {\n    cy.log('✅ Dialog encontrado, tentando XPath específico...');\n    try {\n      cy.xpath('//div[@role=\"dialog\" and @data-state=\"open\"]//form[@id=\"chat-message-input-form\"]//div[@role=\"textbox\" and @contenteditable=\"true\"]', {\n        timeout: 10000\n      }).should('exist').then($els => {\n        const $visible = $els.filter(':visible');\n        if ($visible.length > 0) {\n          cy.wrap($visible[0]).scrollIntoView().wait(1000) // Aguardar estabilização\n          .click({\n            force: true\n          }).wait(500) // Aguardar foco\n          .type('Olá, esta é uma mensagem de teste', {\n            delay: 100,\n            force: true\n          }).wait(1000); // Aguardar digitação completar\n          cy.log('✅ Mensagem digitada via XPath específico');\n        }\n      });\n    } catch (e) {\n      cy.log('⚠️ XPath específico falhou, tentando fallback...');\n    }\n  }\n  // Estratégia 2: Fallback com seletores CSS\n  if ($body.find('div[contenteditable=\"true\"]').length > 0) {\n    cy.log('✅ Campo contenteditable encontrado via CSS...');\n    cy.get('div[contenteditable=\"true\"]').first().scrollIntoView().wait(1000) // Aguardar estabilização\n    .click({\n      force: true\n    }).wait(500) // Aguardar foco\n    .type('Olá, esta é uma mensagem de teste', {\n      delay: 100,\n      force: true\n    }).wait(1000); // Aguardar digitação completar\n    cy.log('✅ Mensagem digitada via CSS fallback');\n  }\n  // Estratégia 3: Fallback genérico\n  else if ($body.find('textarea, input[type=\"text\"]').length > 0) {\n    cy.log('✅ Campo de texto encontrado via fallback genérico...');\n    cy.get('textarea, input[type=\"text\"]').first().scrollIntoView().wait(1000) // Aguardar estabilização\n    .click({\n      force: true\n    }).wait(500) // Aguardar foco\n    .type('Olá, esta é uma mensagem de teste', {\n      delay: 100,\n      force: true\n    }).wait(1000); // Aguardar digitação completar\n    cy.log('✅ Mensagem digitada via fallback genérico');\n  } else {\n    cy.log('⚠️ Nenhum campo de input encontrado, pulando digitação...');\n  }\n});\n// Clicar em enviar - estratégia robusta com CSS\ncy.log('🔍 Procurando botão de enviar...');\ncy.wait(2000); // Aguardar mensagem ser digitada completamente\n// Estratégia robusta para encontrar botão de enviar\ncy.get('body').then($body => {\n  cy.log('🔍 Verificando elementos disponíveis na página...');\n  // Log de todos os botões disponíveis\n  const buttons = $body.find('button');\n  cy.log(`📊 Total de botões encontrados: ${buttons.length}`);\n  // Log de botões com texto\n  buttons.each((index, button) => {\n    const $button = Cypress.$(button);\n    const text = $button.text().trim();\n    const classes = $button.attr('class') || '';\n    const type = $button.attr('type') || '';\n    cy.log(`🔘 Botão ${index + 1}: texto=\"${text}\", type=\"${type}\", classes=\"${classes}\"`);\n  });\n  // Estratégia 1: Botão dentro do form\n  if ($body.find('form#chat-message-input-form button').length > 0) {\n    cy.log('✅ Botão encontrado dentro do form chat-message-input-form');\n    cy.get('form#chat-message-input-form button').last().scrollIntoView().wait(1000).click({\n      force: true\n    });\n    cy.log('✅ Botão enviar clicado via form');\n  }\n  // Estratégia 2: Botão próximo ao campo contenteditable\n  else if ($body.find('div[contenteditable=\"true\"]').length > 0) {\n    cy.log('✅ Procurando botão próximo ao campo contenteditable');\n    cy.get('div[contenteditable=\"true\"]').parent().find('button').last().scrollIntoView().wait(1000).click({\n      force: true\n    });\n    cy.log('✅ Botão enviar clicado via contenteditable');\n  }\n  // Estratégia 3: Botão com ícone de envio\n  else if ($body.find('button svg[class*=\"send\"], button svg[class*=\"arrow\"], button svg[class*=\"paper\"]').length > 0) {\n    cy.log('✅ Botão com ícone de envio encontrado');\n    cy.get('button svg[class*=\"send\"], button svg[class*=\"arrow\"], button svg[class*=\"paper\"]').parent().scrollIntoView().wait(1000).click({\n      force: true\n    });\n    cy.log('✅ Botão com ícone clicado');\n  }\n  // Estratégia 4: Último botão da página\n  else if ($body.find('button').length > 0) {\n    cy.log('✅ Tentando último botão da página');\n    cy.get('button').last().scrollIntoView().wait(1000).click({\n      force: true\n    });\n    cy.log('✅ Último botão clicado');\n  } else {\n    cy.log('⚠️ Nenhum botão de envio encontrado');\n  }\n});\ncy.wait(5000); // Aguardar envio da mensagem\n// Validar mensagem enviada\ncy.log('🔍 Validando mensagem enviada...');\ncy.get('body').then($body => {\n  if ($body.find('*:contains(\"Olá, esta é uma mensagem de teste\")').length > 0) {\n    cy.log('✅ Mensagem encontrada na página');\n  } else {\n    cy.log('⚠️ Mensagem não encontrada na página, mas continuando...');\n  }\n});\n// Clicar no botão de fechar com fallbacks\ncy.log('🔍 Procurando botão de fechar...');\ncy.get('body').then($body => {\n  // Estratégia 1: XPath específico\n  if ($body.find('div[role=\"dialog\"][data-state=\"open\"]').length > 0) {\n    try {\n      cy.xpath('//div[@role=\"dialog\" and @data-state=\"open\"]//button//*[name()=\"svg\" and contains(@class,\"lucide-x\")]').click({\n        force: true\n      });\n      cy.log('✅ Botão fechar clicado via XPath');\n    } catch (e) {\n      cy.log('⚠️ XPath do botão fechar falhou, tentando fallback...');\n    }\n  }\n  // Estratégia 2: Fallback CSS\n  if ($body.find('button svg[class*=\"x\"], button[aria-label*=\"close\"], button[title*=\"close\"]').length > 0) {\n    cy.get('button svg[class*=\"x\"], button[aria-label*=\"close\"], button[title*=\"close\"]').first().scrollIntoView().click({\n      force: true\n    });\n    cy.log('✅ Botão fechar clicado via CSS fallback');\n  }\n  // Estratégia 3: Fallback genérico\n  else if ($body.find('button').length > 0) {\n    cy.get('button').last().scrollIntoView().click({\n      force: true\n    });\n    cy.log('✅ Botão fechar clicado via fallback genérico');\n  } else {\n    cy.log('⚠️ Botão de fechar não encontrado, continuando...');\n  }\n});\n//  NAVEGAR PARA CHAT =====\ncy.log('📋 Fase 1: Navegando para Chat...');\ncy.get('body').should('not.contain', 'loading');\ncy.wait(2000);\n// Navegar para Chat\ncy.contains('Chat').click({\n  force: true\n});\ncy.wait(3000);\ncy.log('✅ Navegação para Chat concluída');\n// Clicar no agente antigo com fallbacks\ncy.log('🔍 Procurando agente \"Cypress\"...');\ncy.get('body').then($body => {\n  // Estratégia 1: XPath específico\n  if ($body.find('div:contains(\"Agentes\")').length > 0) {\n    try {\n      cy.xpath('//div[contains(text(),\"Agentes\")]/following::div[contains(@class,\"truncate\") and text()=\"Cypress\"][1]').should('be.visible').scrollIntoView().click({\n        force: true\n      });\n      cy.log('✅ Agente Cypress clicado via XPath');\n    } catch (e) {\n      cy.log('⚠️ XPath do agente falhou, tentando fallback...');\n    }\n  }\n  // Estratégia 2: Fallback CSS\n  if ($body.find('div:contains(\"Cypress\")').length > 0) {\n    cy.get('div:contains(\"Cypress\")').first().scrollIntoView().click({\n      force: true\n    });\n    cy.log('✅ Agente Cypress clicado via CSS fallback');\n  }\n  // Estratégia 3: Fallback genérico\n  else if ($body.find('div[class*=\"truncate\"]').length > 0) {\n    cy.get('div[class*=\"truncate\"]').first().scrollIntoView().click({\n      force: true\n    });\n    cy.log('✅ Primeiro agente clicado via fallback genérico');\n  } else {\n    cy.log('⚠️ Nenhum agente encontrado, continuando...');\n  }\n});\n//FASE 4: DIGITAR MENSAGEM =====\ncy.log('📋 Fase 4: Digitando mensagem...');\nconst mensagem = 'ola, como vai?';\n// Procurar por campo de input e digitar\ncy.get('body').then($body => {\n  if ($body.find('div[contenteditable=\"true\"]').length > 0) {\n    cy.log('✅ Campo contenteditable encontrado');\n    cy.get('div[contenteditable=\"true\"]').first().scrollIntoView().clear({\n      force: true\n    }).type(mensagem, {\n      delay: 100,\n      force: true\n    });\n    cy.log('✅ Mensagem digitada');\n  } else if ($body.find('textarea').length > 0) {\n    cy.log('✅ Campo textarea encontrado');\n    cy.get('textarea').first().scrollIntoView().clear({\n      force: true\n    }).type(mensagem, {\n      delay: 100,\n      force: true\n    });\n    cy.log('✅ Mensagem digitada');\n  } else if ($body.find('input[type=\"text\"]').length > 0) {\n    cy.log('✅ Campo input encontrado');\n    cy.get('input[type=\"text\"]').first().scrollIntoView().clear({\n      force: true\n    }).type(mensagem, {\n      delay: 100,\n      force: true\n    });\n    cy.log('✅ Mensagem digitada');\n  } else {\n    cy.log('⚠️ Nenhum campo de input encontrado');\n  }\n});\ncy.log('✅ Teste concluído - mensagem digitada');",
              "err": {},
              "uuid": "3ed7760d-716f-4df0-b09f-fc7b1a1dcca7",
              "parentUUID": "b55ad784-c53e-4c5e-8854-bd8d7d5e3de1",
              "isHook": false,
              "skipped": false
            }
          ],
          "suites": [],
          "passes": [
            "3ed7760d-716f-4df0-b09f-fc7b1a1dcca7"
          ],
          "failures": [],
          "pending": [],
          "skipped": [],
          "duration": 69585,
          "root": false,
          "rootEmpty": false,
          "_timeout": 2000
        }
      ],
      "passes": [],
      "failures": [],
      "pending": [],
      "skipped": [],
      "duration": 0,
      "root": true,
      "rootEmpty": true,
      "_timeout": 2000
    }
  ],
  "meta": {
    "mocha": {
      "version": "7.0.1"
    },
    "mochawesome": {
      "options": {
        "quiet": false,
        "reportFilename": "mochawesome",
        "saveHtml": true,
        "saveJson": true,
        "consoleReporter": "spec",
        "useInlineDiffs": false,
        "code": true
      },
      "version": "7.1.4"
    },
    "marge": {
      "options": {
        "reportDir": "cypress/reports",
        "overwrite": false,
        "html": true,
        "json": true,
        "timestamp": "mmddyyyy_HHMMss"
      },
      "version": "6.3.0"
    }
  }
}