{
  "stats": {
    "suites": 1,
    "tests": 1,
    "passes": 0,
    "pending": 0,
    "failures": 1,
    "start": "2025-09-29T13:08:58.814Z",
    "end": "2025-09-29T13:10:11.356Z",
    "duration": 72542,
    "testsRegistered": 1,
    "passPercent": 0,
    "pendingPercent": 0,
    "other": 0,
    "hasOther": false,
    "skipped": 0,
    "hasSkipped": false
  },
  "results": [
    {
      "uuid": "03e74711-6cb9-4b6a-a937-3a49f5e09bff",
      "title": "",
      "fullFile": "cypress\\e2e\\chat\\chat-message.cy.js",
      "file": "cypress\\e2e\\chat\\chat-message.cy.js",
      "beforeHooks": [],
      "afterHooks": [],
      "tests": [],
      "suites": [
        {
          "uuid": "135ba68f-056a-4781-acd7-78098d9c0cac",
          "title": "Chat - Send Message in Old Conversation",
          "fullFile": "",
          "file": "",
          "beforeHooks": [],
          "afterHooks": [],
          "tests": [
            {
              "title": "should send message in existing chat conversation",
              "fullTitle": "Chat - Send Message in Old Conversation should send message in existing chat conversation",
              "timedOut": null,
              "duration": 24269,
              "state": "failed",
              "speed": null,
              "pass": false,
              "fail": true,
              "pending": false,
              "context": null,
              "code": "_chatPage.default.sendMessageInChat('Ola').waitForPageLoad();",
              "err": {
                "message": "AssertionError: Timed out retrying after 10000ms: Expected to find element: `//div[contains(@class, \"flex-1 overflow-hidden\") and contains(@class, \"text-ellipsis\")]`, but never found it.",
                "estack": "AssertionError: Timed out retrying after 10000ms: Expected to find element: `//div[contains(@class, \"flex-1 overflow-hidden\") and contains(@class, \"text-ellipsis\")]`, but never found it.\n    at Object.chatSection (webpack://cypress-automation/./cypress/support/pages/chat/chat.page.js:3:26)\n    at ChatPage.openChatSection (webpack://cypress-automation/./cypress/support/pages/chat/chat.page.js:10:18)\n    at ChatPage.sendMessageInChat (webpack://cypress-automation/./cypress/support/pages/chat/chat.page.js:30:9)\n    at Context.eval (webpack://cypress-automation/./cypress/e2e/chat/chat-message.cy.js:11:7)",
                "diff": null
              },
              "uuid": "8e84f035-0763-4929-91cb-8f3a7b17c161",
              "parentUUID": "135ba68f-056a-4781-acd7-78098d9c0cac",
              "isHook": false,
              "skipped": false
            }
          ],
          "suites": [],
          "passes": [],
          "failures": [
            "8e84f035-0763-4929-91cb-8f3a7b17c161"
          ],
          "pending": [],
          "skipped": [],
          "duration": 24269,
          "root": false,
          "rootEmpty": false,
          "_timeout": 2000
        }
      ],
      "passes": [],
      "failures": [],
      "pending": [],
      "skipped": [],
      "duration": 0,
      "root": true,
      "rootEmpty": true,
      "_timeout": 2000
    }
  ],
  "meta": {
    "mocha": {
      "version": "7.0.1"
    },
    "mochawesome": {
      "options": {
        "quiet": false,
        "reportFilename": "mochawesome",
        "saveHtml": true,
        "saveJson": true,
        "consoleReporter": "spec",
        "useInlineDiffs": false,
        "code": true
      },
      "version": "7.1.4"
    },
    "marge": {
      "options": {
        "reportDir": "cypress/reports",
        "overwrite": false,
        "html": true,
        "json": true,
        "timestamp": "mmddyyyy_HHMMss"
      },
      "version": "6.3.0"
    }
  }
}