{
  "stats": {
    "suites": 1,
    "tests": 1,
    "passes": 0,
    "pending": 0,
    "failures": 1,
    "start": "2025-09-29T13:30:48.737Z",
    "end": "2025-09-29T13:31:40.322Z",
    "duration": 51585,
    "testsRegistered": 1,
    "passPercent": 0,
    "pendingPercent": 0,
    "other": 0,
    "hasOther": false,
    "skipped": 0,
    "hasSkipped": false
  },
  "results": [
    {
      "uuid": "d00cb897-eb01-4255-acc0-efa213c12dc2",
      "title": "",
      "fullFile": "cypress\\e2e\\agente\\create-delete-agent.cy.js",
      "file": "cypress\\e2e\\agente\\create-delete-agent.cy.js",
      "beforeHooks": [],
      "afterHooks": [],
      "tests": [],
      "suites": [
        {
          "uuid": "7aa7aa1f-4d50-46f0-86ae-09b82e11a98c",
          "title": "Agents - Create and Delete Agent",
          "fullFile": "",
          "file": "",
          "beforeHooks": [],
          "afterHooks": [],
          "tests": [
            {
              "title": "should create and delete agent successfully",
              "fullTitle": "Agents - Create and Delete Agent should create and delete agent successfully",
              "timedOut": null,
              "duration": 25095,
              "state": "failed",
              "speed": null,
              "pass": false,
              "fail": true,
              "pending": false,
              "context": null,
              "code": "const count = Cypress.env('agentCounter') || 1;\nCypress.env('agentCounter', count + 1);\nconst adjectives = ['Fast', 'Smart', 'Brilliant', 'Agile', 'Wise'];\nconst nouns = ['Lion', 'Falcon', 'Wolf', 'Tiger', 'Eagle'];\nconst randomAdj = adjectives[Math.floor(Math.random() * adjectives.length)];\nconst randomNoun = nouns[Math.floor(Math.random() * nouns.length)];\nagentName = `${count} - Agent ${randomAdj} ${randomNoun}`;\n_agentPage.default.createNewAgent(agentName).deleteAgent(agentName);",
              "err": {
                "message": "AssertionError: Timed out retrying after 20000ms: Expected to find element: `button[type=\"submit\"]`, but never found it.\n\nBecause this error occurred during a `before each` hook we are skipping the remaining tests in the current suite: `Agents - Create and Delete ...`",
                "estack": "AssertionError: Timed out retrying after 20000ms: Expected to find element: `button[type=\"submit\"]`, but never found it.\n\nBecause this error occurred during a `before each` hook we are skipping the remaining tests in the current suite: `Agents - Create and Delete ...`\n    at LoginPage.clickSubmit (webpack://cypress-automation/./cypress/support/pages/login/login.page.js:64:33)\n    at LoginPage.loginWithCredentials (webpack://cypress-automation/./cypress/support/pages/login/login.page.js:93:9)\n    at Context.eval (webpack://cypress-automation/./cypress/support/pages/login/login.page.js:99:11)",
                "diff": null
              },
              "uuid": "1d77c7ea-6125-466e-b69b-852a33211ab9",
              "parentUUID": "7aa7aa1f-4d50-46f0-86ae-09b82e11a98c",
              "isHook": false,
              "skipped": false
            }
          ],
          "suites": [],
          "passes": [],
          "failures": [
            "1d77c7ea-6125-466e-b69b-852a33211ab9"
          ],
          "pending": [],
          "skipped": [],
          "duration": 25095,
          "root": false,
          "rootEmpty": false,
          "_timeout": 2000
        }
      ],
      "passes": [],
      "failures": [],
      "pending": [],
      "skipped": [],
      "duration": 0,
      "root": true,
      "rootEmpty": true,
      "_timeout": 2000
    }
  ],
  "meta": {
    "mocha": {
      "version": "7.0.1"
    },
    "mochawesome": {
      "options": {
        "quiet": false,
        "reportFilename": "mochawesome",
        "saveHtml": true,
        "saveJson": true,
        "consoleReporter": "spec",
        "useInlineDiffs": false,
        "code": true
      },
      "version": "7.1.4"
    },
    "marge": {
      "options": {
        "reportDir": "cypress/reports",
        "overwrite": false,
        "html": true,
        "json": true,
        "timestamp": "mmddyyyy_HHMMss"
      },
      "version": "6.3.0"
    }
  }
}