{
  "stats": {
    "suites": 1,
    "tests": 1,
    "passes": 0,
    "pending": 0,
    "failures": 1,
    "start": "2025-09-29T13:02:42.403Z",
    "end": "2025-09-29T13:04:07.808Z",
    "duration": 85405,
    "testsRegistered": 1,
    "passPercent": 0,
    "pendingPercent": 0,
    "other": 0,
    "hasOther": false,
    "skipped": 0,
    "hasSkipped": false
  },
  "results": [
    {
      "uuid": "85e4f7b9-e63b-4a88-b66e-aecdff29059e",
      "title": "",
      "fullFile": "cypress\\e2e\\agente\\accessing-old-agent.cy.js",
      "file": "cypress\\e2e\\agente\\accessing-old-agent.cy.js",
      "beforeHooks": [],
      "afterHooks": [],
      "tests": [],
      "suites": [
        {
          "uuid": "33d4d1be-950a-4b0f-9ca5-7d1a52bd3ee0",
          "title": "Agents - Accessing Old Agent",
          "fullFile": "",
          "file": "",
          "beforeHooks": [],
          "afterHooks": [],
          "tests": [
            {
              "title": "should access old agent and send messages successfully",
              "fullTitle": "Agents - Accessing Old Agent should access old agent and send messages successfully",
              "timedOut": null,
              "duration": 28281,
              "state": "failed",
              "speed": null,
              "pass": false,
              "fail": true,
              "pending": false,
              "context": null,
              "code": "_agentPage.default.accessOldAgent().waitForPageLoad();",
              "err": {
                "message": "AssertionError: Timed out retrying after 10000ms: Expected to find content: 'Agente teste automatizado' but never did.",
                "estack": "AssertionError: Timed out retrying after 10000ms: Expected to find content: 'Agente teste automatizado' but never did.\n    at AgentPage.accessOldAgent (webpack://cypress-automation/./cypress/support/pages/agent/agent.page.js:266:7)\n    at Context.eval (webpack://cypress-automation/./cypress/e2e/agente/accessing-old-agent.cy.js:11:7)",
                "diff": null
              },
              "uuid": "25823c6a-263a-4323-9cd5-8c246b022c08",
              "parentUUID": "33d4d1be-950a-4b0f-9ca5-7d1a52bd3ee0",
              "isHook": false,
              "skipped": false
            }
          ],
          "suites": [],
          "passes": [],
          "failures": [
            "25823c6a-263a-4323-9cd5-8c246b022c08"
          ],
          "pending": [],
          "skipped": [],
          "duration": 28281,
          "root": false,
          "rootEmpty": false,
          "_timeout": 2000
        }
      ],
      "passes": [],
      "failures": [],
      "pending": [],
      "skipped": [],
      "duration": 0,
      "root": true,
      "rootEmpty": true,
      "_timeout": 2000
    }
  ],
  "meta": {
    "mocha": {
      "version": "7.0.1"
    },
    "mochawesome": {
      "options": {
        "quiet": false,
        "reportFilename": "mochawesome",
        "saveHtml": true,
        "saveJson": true,
        "consoleReporter": "spec",
        "useInlineDiffs": false,
        "code": true
      },
      "version": "7.1.4"
    },
    "marge": {
      "options": {
        "reportDir": "cypress/reports",
        "overwrite": false,
        "html": true,
        "json": true,
        "timestamp": "mmddyyyy_HHMMss"
      },
      "version": "6.3.0"
    }
  }
}