{
  "stats": {
    "suites": 1,
    "tests": 4,
    "passes": 0,
    "pending": 0,
    "failures": 4,
    "start": "2025-09-29T13:31:45.110Z",
    "end": "2025-09-29T13:35:25.744Z",
    "duration": 220634,
    "testsRegistered": 4,
    "passPercent": 0,
    "pendingPercent": 0,
    "other": 0,
    "hasOther": false,
    "skipped": 0,
    "hasSkipped": false
  },
  "results": [
    {
      "uuid": "d4146d92-6112-4d62-ab08-8981d70c4e2d",
      "title": "",
      "fullFile": "cypress\\e2e\\login\\login.cy.js",
      "file": "cypress\\e2e\\login\\login.cy.js",
      "beforeHooks": [],
      "afterHooks": [],
      "tests": [],
      "suites": [
        {
          "uuid": "17972aaa-7f66-48fc-af56-77b83622a0fa",
          "title": "Login-related tests",
          "fullFile": "",
          "file": "",
          "beforeHooks": [],
          "afterHooks": [],
          "tests": [
            {
              "title": "should login with valid credentials successfully",
              "fullTitle": "Login-related tests should login with valid credentials successfully",
              "timedOut": null,
              "duration": 26254,
              "state": "failed",
              "speed": null,
              "pass": false,
              "fail": true,
              "pending": false,
              "context": null,
              "code": "_loginPage.default.visit().performValidLogin().waitForPageLoad();\n// Additional wait after successful login\ncy.wait(2000);",
              "err": {
                "message": "AssertionError: Timed out retrying after 20000ms: Expected to find element: `button[type=\"submit\"]`, but never found it.",
                "estack": "AssertionError: Timed out retrying after 20000ms: Expected to find element: `button[type=\"submit\"]`, but never found it.\n    at LoginPage.clickSubmit (webpack://cypress-automation/./cypress/support/pages/login/login.page.js:64:33)\n    at LoginPage.loginWithCredentials (webpack://cypress-automation/./cypress/support/pages/login/login.page.js:93:9)\n    at Context.eval (webpack://cypress-automation/./cypress/support/pages/login/login.page.js:99:11)",
                "diff": null
              },
              "uuid": "06f204ea-6c9a-46e8-a172-0bed95ac1ed4",
              "parentUUID": "17972aaa-7f66-48fc-af56-77b83622a0fa",
              "isHook": false,
              "skipped": false
            },
            {
              "title": "should fail login with wrong email",
              "fullTitle": "Login-related tests should fail login with wrong email",
              "timedOut": null,
              "duration": 26929,
              "state": "failed",
              "speed": null,
              "pass": false,
              "fail": true,
              "pending": false,
              "context": null,
              "code": "_loginPage.default.visit().performWrongEmailLogin().waitForPageLoad();\n// Wait for error message to appear\ncy.wait(1500);",
              "err": {
                "message": "AssertionError: Timed out retrying after 20000ms: expected '<button.focus-visible:border-ring.focus-visible:ring-ring/50.focus-visible:ring-[3px].cursor-pointer.aria-invalid:ring-destructive/20.aria-invalid:border-destructive.inline-flex.shrink-0.items-center.justify-center.gap-2.rounded-lg.whitespace-nowrap.font-medium.transition-all.duration-200.outline-none.disabled:pointer-events-none.data-[loading=true]:animate-pulse.data-[loading=true]:pointer-events-none.[&_svg]:pointer-events-none.[&_svg]:shrink-0.[&_svg:not([class*=\\'size-\\'])]:size-4.h-[2.375rem].min-w-[2.375rem].px-[1.375rem].text-[0.875rem].leading-[1.5rem].border.bg-transparent.hover:bg-state-primary-outlined-hover.border-[#78DBFAAD].text-[#95CDE9DE].disabled:border-[#95CDE91F].disabled:text-[#78DBFA61].w-full>' to be 'disabled'",
                "estack": "AssertionError: Timed out retrying after 20000ms: expected '<button.focus-visible:border-ring.focus-visible:ring-ring/50.focus-visible:ring-[3px].cursor-pointer.aria-invalid:ring-destructive/20.aria-invalid:border-destructive.inline-flex.shrink-0.items-center.justify-center.gap-2.rounded-lg.whitespace-nowrap.font-medium.transition-all.duration-200.outline-none.disabled:pointer-events-none.data-[loading=true]:animate-pulse.data-[loading=true]:pointer-events-none.[&_svg]:pointer-events-none.[&_svg]:shrink-0.[&_svg:not([class*=\\'size-\\'])]:size-4.h-[2.375rem].min-w-[2.375rem].px-[1.375rem].text-[0.875rem].leading-[1.5rem].border.bg-transparent.hover:bg-state-primary-outlined-hover.border-[#78DBFAAD].text-[#95CDE9DE].disabled:border-[#95CDE91F].disabled:text-[#78DBFA61].w-full>' to be 'disabled'\n    at LoginPage.clickSubmit (webpack://cypress-automation/./cypress/support/pages/login/login.page.js:64:33)\n    at LoginPage.loginWithCredentials (webpack://cypress-automation/./cypress/support/pages/login/login.page.js:93:9)\n    at Context.eval (webpack://cypress-automation/./cypress/support/pages/login/login.page.js:113:11)",
                "diff": null
              },
              "uuid": "35ee6bb1-0bed-48cb-95ee-700d4c83658e",
              "parentUUID": "17972aaa-7f66-48fc-af56-77b83622a0fa",
              "isHook": false,
              "skipped": false
            },
            {
              "title": "should fail login with wrong password",
              "fullTitle": "Login-related tests should fail login with wrong password",
              "timedOut": null,
              "duration": 26521,
              "state": "failed",
              "speed": null,
              "pass": false,
              "fail": true,
              "pending": false,
              "context": null,
              "code": "_loginPage.default.visit().performWrongPasswordLogin().waitForPageLoad();\n// Wait for error message to appear\ncy.wait(1500);",
              "err": {
                "message": "AssertionError: Timed out retrying after 20000ms: expected '<button.focus-visible:border-ring.focus-visible:ring-ring/50.focus-visible:ring-[3px].cursor-pointer.aria-invalid:ring-destructive/20.aria-invalid:border-destructive.inline-flex.shrink-0.items-center.justify-center.gap-2.rounded-lg.whitespace-nowrap.font-medium.transition-all.duration-200.outline-none.disabled:pointer-events-none.data-[loading=true]:animate-pulse.data-[loading=true]:pointer-events-none.[&_svg]:pointer-events-none.[&_svg]:shrink-0.[&_svg:not([class*=\\'size-\\'])]:size-4.h-[2.375rem].min-w-[2.375rem].px-[1.375rem].text-[0.875rem].leading-[1.5rem].border.bg-transparent.hover:bg-state-primary-outlined-hover.border-[#78DBFAAD].text-[#95CDE9DE].disabled:border-[#95CDE91F].disabled:text-[#78DBFA61].w-full>' to be 'disabled'",
                "estack": "AssertionError: Timed out retrying after 20000ms: expected '<button.focus-visible:border-ring.focus-visible:ring-ring/50.focus-visible:ring-[3px].cursor-pointer.aria-invalid:ring-destructive/20.aria-invalid:border-destructive.inline-flex.shrink-0.items-center.justify-center.gap-2.rounded-lg.whitespace-nowrap.font-medium.transition-all.duration-200.outline-none.disabled:pointer-events-none.data-[loading=true]:animate-pulse.data-[loading=true]:pointer-events-none.[&_svg]:pointer-events-none.[&_svg]:shrink-0.[&_svg:not([class*=\\'size-\\'])]:size-4.h-[2.375rem].min-w-[2.375rem].px-[1.375rem].text-[0.875rem].leading-[1.5rem].border.bg-transparent.hover:bg-state-primary-outlined-hover.border-[#78DBFAAD].text-[#95CDE9DE].disabled:border-[#95CDE91F].disabled:text-[#78DBFA61].w-full>' to be 'disabled'\n    at LoginPage.clickSubmit (webpack://cypress-automation/./cypress/support/pages/login/login.page.js:64:33)\n    at LoginPage.loginWithCredentials (webpack://cypress-automation/./cypress/support/pages/login/login.page.js:93:9)\n    at Context.eval (webpack://cypress-automation/./cypress/support/pages/login/login.page.js:120:11)",
                "diff": null
              },
              "uuid": "f3d1db72-06b5-4e67-913a-baaf32fa4cd7",
              "parentUUID": "17972aaa-7f66-48fc-af56-77b83622a0fa",
              "isHook": false,
              "skipped": false
            },
            {
              "title": "should fail login with wrong credentials",
              "fullTitle": "Login-related tests should fail login with wrong credentials",
              "timedOut": null,
              "duration": 27485,
              "state": "failed",
              "speed": null,
              "pass": false,
              "fail": true,
              "pending": false,
              "context": null,
              "code": "_loginPage.default.visit().performWrongCredentialsLogin().waitForPageLoad();\n// Wait for error message to appear\ncy.wait(1500);",
              "err": {
                "message": "AssertionError: Timed out retrying after 20000ms: expected '<button.focus-visible:border-ring.focus-visible:ring-ring/50.focus-visible:ring-[3px].cursor-pointer.aria-invalid:ring-destructive/20.aria-invalid:border-destructive.inline-flex.shrink-0.items-center.justify-center.gap-2.rounded-lg.whitespace-nowrap.font-medium.transition-all.duration-200.outline-none.disabled:pointer-events-none.data-[loading=true]:animate-pulse.data-[loading=true]:pointer-events-none.[&_svg]:pointer-events-none.[&_svg]:shrink-0.[&_svg:not([class*=\\'size-\\'])]:size-4.h-[2.375rem].min-w-[2.375rem].px-[1.375rem].text-[0.875rem].leading-[1.5rem].border.bg-transparent.hover:bg-state-primary-outlined-hover.border-[#78DBFAAD].text-[#95CDE9DE].disabled:border-[#95CDE91F].disabled:text-[#78DBFA61].w-full>' to be 'disabled'",
                "estack": "AssertionError: Timed out retrying after 20000ms: expected '<button.focus-visible:border-ring.focus-visible:ring-ring/50.focus-visible:ring-[3px].cursor-pointer.aria-invalid:ring-destructive/20.aria-invalid:border-destructive.inline-flex.shrink-0.items-center.justify-center.gap-2.rounded-lg.whitespace-nowrap.font-medium.transition-all.duration-200.outline-none.disabled:pointer-events-none.data-[loading=true]:animate-pulse.data-[loading=true]:pointer-events-none.[&_svg]:pointer-events-none.[&_svg]:shrink-0.[&_svg:not([class*=\\'size-\\'])]:size-4.h-[2.375rem].min-w-[2.375rem].px-[1.375rem].text-[0.875rem].leading-[1.5rem].border.bg-transparent.hover:bg-state-primary-outlined-hover.border-[#78DBFAAD].text-[#95CDE9DE].disabled:border-[#95CDE91F].disabled:text-[#78DBFA61].w-full>' to be 'disabled'\n    at LoginPage.clickSubmit (webpack://cypress-automation/./cypress/support/pages/login/login.page.js:64:33)\n    at LoginPage.loginWithCredentials (webpack://cypress-automation/./cypress/support/pages/login/login.page.js:93:9)\n    at Context.eval (webpack://cypress-automation/./cypress/support/pages/login/login.page.js:106:11)",
                "diff": null
              },
              "uuid": "1162605a-3c81-4261-a6da-d617199503f9",
              "parentUUID": "17972aaa-7f66-48fc-af56-77b83622a0fa",
              "isHook": false,
              "skipped": false
            }
          ],
          "suites": [],
          "passes": [],
          "failures": [
            "06f204ea-6c9a-46e8-a172-0bed95ac1ed4",
            "35ee6bb1-0bed-48cb-95ee-700d4c83658e",
            "f3d1db72-06b5-4e67-913a-baaf32fa4cd7",
            "1162605a-3c81-4261-a6da-d617199503f9"
          ],
          "pending": [],
          "skipped": [],
          "duration": 107189,
          "root": false,
          "rootEmpty": false,
          "_timeout": 2000
        }
      ],
      "passes": [],
      "failures": [],
      "pending": [],
      "skipped": [],
      "duration": 0,
      "root": true,
      "rootEmpty": true,
      "_timeout": 2000
    }
  ],
  "meta": {
    "mocha": {
      "version": "7.0.1"
    },
    "mochawesome": {
      "options": {
        "quiet": false,
        "reportFilename": "mochawesome",
        "saveHtml": true,
        "saveJson": true,
        "consoleReporter": "spec",
        "useInlineDiffs": false,
        "code": true
      },
      "version": "7.1.4"
    },
    "marge": {
      "options": {
        "reportDir": "cypress/reports",
        "overwrite": false,
        "html": true,
        "json": true,
        "timestamp": "mmddyyyy_HHMMss"
      },
      "version": "6.3.0"
    }
  }
}