{
  "stats": {
    "suites": 1,
    "tests": 1,
    "passes": 0,
    "pending": 0,
    "failures": 1,
    "start": "2025-09-29T13:04:25.567Z",
    "end": "2025-09-29T13:06:46.272Z",
    "duration": 140705,
    "testsRegistered": 1,
    "passPercent": 0,
    "pendingPercent": 0,
    "other": 0,
    "hasOther": false,
    "skipped": 0,
    "hasSkipped": false
  },
  "results": [
    {
      "uuid": "274b5022-754b-4afa-97cc-462dfc512745",
      "title": "",
      "fullFile": "cypress\\e2e\\agente\\create-delete-agent.cy.js",
      "file": "cypress\\e2e\\agente\\create-delete-agent.cy.js",
      "beforeHooks": [],
      "afterHooks": [],
      "tests": [],
      "suites": [
        {
          "uuid": "e896b9c4-b8ad-4e56-9c7b-ab4a00ca7238",
          "title": "Agents - Create and Delete Agent",
          "fullFile": "",
          "file": "",
          "beforeHooks": [],
          "afterHooks": [],
          "tests": [
            {
              "title": "should create and delete agent successfully",
              "fullTitle": "Agents - Create and Delete Agent should create and delete agent successfully",
              "timedOut": null,
              "duration": 46793,
              "state": "failed",
              "speed": null,
              "pass": false,
              "fail": true,
              "pending": false,
              "context": null,
              "code": "const count = Cypress.env('agentCounter') || 1;\nCypress.env('agentCounter', count + 1);\nconst adjectives = ['Fast', 'Smart', 'Brilliant', 'Agile', 'Wise'];\nconst nouns = ['Lion', 'Falcon', 'Wolf', 'Tiger', 'Eagle'];\nconst randomAdj = adjectives[Math.floor(Math.random() * adjectives.length)];\nconst randomNoun = nouns[Math.floor(Math.random() * nouns.length)];\nagentName = `${count} - Agent ${randomAdj} ${randomNoun}`;\n_agentPage.default.createNewAgent(agentName).deleteAgent(agentName);",
              "err": {
                "message": "AssertionError: Timed out retrying after 10000ms: expected '<td.p-4.align-middle.[&:has([role=checkbox])]:pr-0>' to be 'visible'\n\nThis element `<td.p-4.align-middle.[&:has([role=checkbox])]:pr-0>` is not visible because its content is being clipped by one of its parent elements, which has a CSS property of overflow: `hidden`, `scroll` or `auto`",
                "estack": "AssertionError: Timed out retrying after 10000ms: expected '<td.p-4.align-middle.[&:has([role=checkbox])]:pr-0>' to be 'visible'\n\nThis element `<td.p-4.align-middle.[&:has([role=checkbox])]:pr-0>` is not visible because its content is being clipped by one of its parent elements, which has a CSS property of overflow: `hidden`, `scroll` or `auto`\n    at AgentPage.validateAgentCreated (webpack://cypress-automation/./cypress/support/pages/agent/agent.page.js:147:7)\n    at AgentPage.createNewAgent (webpack://cypress-automation/./cypress/support/pages/agent/agent.page.js:235:9)\n    at Context.eval (webpack://cypress-automation/./cypress/e2e/agente/create-delete-agent.cy.js:22:7)",
                "diff": null
              },
              "uuid": "8a0dd80a-3e14-4ff9-b22b-50e854c10205",
              "parentUUID": "e896b9c4-b8ad-4e56-9c7b-ab4a00ca7238",
              "isHook": false,
              "skipped": false
            }
          ],
          "suites": [],
          "passes": [],
          "failures": [
            "8a0dd80a-3e14-4ff9-b22b-50e854c10205"
          ],
          "pending": [],
          "skipped": [],
          "duration": 46793,
          "root": false,
          "rootEmpty": false,
          "_timeout": 2000
        }
      ],
      "passes": [],
      "failures": [],
      "pending": [],
      "skipped": [],
      "duration": 0,
      "root": true,
      "rootEmpty": true,
      "_timeout": 2000
    }
  ],
  "meta": {
    "mocha": {
      "version": "7.0.1"
    },
    "mochawesome": {
      "options": {
        "quiet": false,
        "reportFilename": "mochawesome",
        "saveHtml": true,
        "saveJson": true,
        "consoleReporter": "spec",
        "useInlineDiffs": false,
        "code": true
      },
      "version": "7.1.4"
    },
    "marge": {
      "options": {
        "reportDir": "cypress/reports",
        "overwrite": false,
        "html": true,
        "json": true,
        "timestamp": "mmddyyyy_HHMMss"
      },
      "version": "6.3.0"
    }
  }
}