{
  "stats": {
    "suites": 1,
    "tests": 1,
    "passes": 0,
    "pending": 0,
    "failures": 1,
    "start": "2025-09-29T13:35:37.689Z",
    "end": "2025-09-29T13:36:29.023Z",
    "duration": 51334,
    "testsRegistered": 1,
    "passPercent": 0,
    "pendingPercent": 0,
    "other": 0,
    "hasOther": false,
    "skipped": 0,
    "hasSkipped": false
  },
  "results": [
    {
      "uuid": "71b2f039-03f9-4c3b-aad0-1de5645ed2fd",
      "title": "",
      "fullFile": "cypress\\e2e\\chat\\chat-message.cy.js",
      "file": "cypress\\e2e\\chat\\chat-message.cy.js",
      "beforeHooks": [],
      "afterHooks": [],
      "tests": [],
      "suites": [
        {
          "uuid": "e9b62ed6-be73-4e67-b272-6931febfe229",
          "title": "Chat - Send Message in Old Conversation",
          "fullFile": "",
          "file": "",
          "beforeHooks": [],
          "afterHooks": [],
          "tests": [
            {
              "title": "should send message in existing chat conversation",
              "fullTitle": "Chat - Send Message in Old Conversation should send message in existing chat conversation",
              "timedOut": null,
              "duration": 24959,
              "state": "failed",
              "speed": null,
              "pass": false,
              "fail": true,
              "pending": false,
              "context": null,
              "code": "_chatPage.default.sendMessageInChat('Ola').waitForPageLoad();",
              "err": {
                "message": "AssertionError: Timed out retrying after 20000ms: Expected to find element: `button[type=\"submit\"]`, but never found it.\n\nBecause this error occurred during a `before each` hook we are skipping the remaining tests in the current suite: `Chat - Send Message in Old ...`",
                "estack": "AssertionError: Timed out retrying after 20000ms: Expected to find element: `button[type=\"submit\"]`, but never found it.\n\nBecause this error occurred during a `before each` hook we are skipping the remaining tests in the current suite: `Chat - Send Message in Old ...`\n    at LoginPage.clickSubmit (webpack://cypress-automation/./cypress/support/pages/login/login.page.js:64:33)\n    at LoginPage.loginWithCredentials (webpack://cypress-automation/./cypress/support/pages/login/login.page.js:93:9)\n    at Context.eval (webpack://cypress-automation/./cypress/support/pages/login/login.page.js:99:11)",
                "diff": null
              },
              "uuid": "477c544c-20c2-4d0b-98e8-34b70814b9ad",
              "parentUUID": "e9b62ed6-be73-4e67-b272-6931febfe229",
              "isHook": false,
              "skipped": false
            }
          ],
          "suites": [],
          "passes": [],
          "failures": [
            "477c544c-20c2-4d0b-98e8-34b70814b9ad"
          ],
          "pending": [],
          "skipped": [],
          "duration": 24959,
          "root": false,
          "rootEmpty": false,
          "_timeout": 2000
        }
      ],
      "passes": [],
      "failures": [],
      "pending": [],
      "skipped": [],
      "duration": 0,
      "root": true,
      "rootEmpty": true,
      "_timeout": 2000
    }
  ],
  "meta": {
    "mocha": {
      "version": "7.0.1"
    },
    "mochawesome": {
      "options": {
        "quiet": false,
        "reportFilename": "mochawesome",
        "saveHtml": true,
        "saveJson": true,
        "consoleReporter": "spec",
        "useInlineDiffs": false,
        "code": true
      },
      "version": "7.1.4"
    },
    "marge": {
      "options": {
        "reportDir": "cypress/reports",
        "overwrite": false,
        "html": true,
        "json": true,
        "timestamp": "mmddyyyy_HHMMss"
      },
      "version": "6.3.0"
    }
  }
}